2025-03-03 14:24:09,198 [Worker-4: Loading available Gradle versions] INFO  o.e.b.c.i.u.g.PublishedGradleVersions - Gradle version information cache is not available. Remote download required.
2025-03-03 14:36:04,456 [Worker-10: Creating project "CodingQuestions"] INFO  o.e.m.c.i.l.LifecycleMappingFactory - Using org.eclipse.m2e.jdt.JarLifecycleMapping lifecycle mapping for MavenProject: com:CodingQuestions:0.0.1-SNAPSHOT @ C:\Users\Wissen\Desktop\Innowissen\CodingQuestions\pom.xml.
2025-03-03 14:36:06,511 [Worker-10: Creating project "CodingQuestions"] INFO  o.e.m.j.i.AbstractJavaProjectConfigurator - Adding source folder /CodingQuestions/src/main/java
2025-03-03 14:36:06,513 [Worker-10: Creating project "CodingQuestions"] INFO  o.e.m.j.i.AbstractJavaProjectConfigurator - Adding resource folder /CodingQuestions/src/main/resources
2025-03-03 14:36:06,514 [Worker-10: Creating project "CodingQuestions"] INFO  o.e.m.j.i.AbstractJavaProjectConfigurator - Adding source folder /CodingQuestions/src/test/java
2025-03-03 14:36:06,515 [Worker-10: Creating project "CodingQuestions"] INFO  o.e.m.j.i.AbstractJavaProjectConfigurator - Adding resource folder /CodingQuestions/src/test/resources
2025-03-03 14:36:07,275 [Worker-4: Building] WARN  o.a.m.s.f.DefaultMavenResourcesFiltering - Using platform encoding (UTF-8 actually) to copy filtered resources, i.e. build is platform dependent!
2025-03-03 14:36:07,284 [Worker-4: Building] INFO  o.a.m.s.f.DefaultMavenResourcesFiltering - Copying 0 resource from src\main\resources to target\classes
2025-03-03 14:36:07,290 [Worker-4: Building] WARN  o.a.m.s.f.DefaultMavenResourcesFiltering - Using platform encoding (UTF-8 actually) to copy filtered resources, i.e. build is platform dependent!
2025-03-03 14:36:07,292 [Worker-4: Building] INFO  o.a.m.s.f.DefaultMavenResourcesFiltering - Copying 0 resource from src\test\resources to target\test-classes
2025-03-03 14:36:45,331 [Worker-15: Building] WARN  o.a.m.s.f.DefaultMavenResourcesFiltering - Using platform encoding (UTF-8 actually) to copy filtered resources, i.e. build is platform dependent!
2025-03-03 14:36:45,336 [Worker-15: Building] INFO  o.a.m.s.f.DefaultMavenResourcesFiltering - Copying 0 resource from src\main\resources to target\classes
2025-03-03 14:36:45,343 [Worker-15: Building] WARN  o.a.m.s.f.DefaultMavenResourcesFiltering - Using platform encoding (UTF-8 actually) to copy filtered resources, i.e. build is platform dependent!
2025-03-03 14:36:45,346 [Worker-15: Building] INFO  o.a.m.s.f.DefaultMavenResourcesFiltering - Copying 0 resource from src\test\resources to target\test-classes
2025-03-03 22:09:15,000 [Worker-4: Loading available Gradle versions] INFO  o.e.b.c.i.u.g.PublishedGradleVersions - Gradle version information cache is up-to-date. Trying to read.
2025-03-04 10:09:20,575 [Worker-2: Loading available Gradle versions] INFO  o.e.b.c.i.u.g.PublishedGradleVersions - Gradle version information cache is up-to-date. Trying to read.
2025-03-05 19:56:05,015 [Worker-1: Loading available Gradle versions] INFO  o.e.b.c.i.u.g.PublishedGradleVersions - Gradle version information cache is out-of-date. Trying to update.
2025-03-05 19:56:05,671 [Worker-1: Loading available Gradle versions] INFO  o.e.b.c.i.u.g.PublishedGradleVersions - Updating Gradle version information cache failed. Using outdated cache.
2025-03-05 21:29:43,953 [Worker-4: Loading available Gradle versions] INFO  o.e.b.c.i.u.g.PublishedGradleVersions - Gradle version information cache is out-of-date. Trying to update.
2025-03-06 10:30:17,188 [Worker-0: Loading available Gradle versions] INFO  o.e.b.c.i.u.g.PublishedGradleVersions - Gradle version information cache is up-to-date. Trying to read.
2025-03-06 21:37:22,563 [Worker-1: Loading available Gradle versions] INFO  o.e.b.c.i.u.g.PublishedGradleVersions - Gradle version information cache is out-of-date. Trying to update.
